[debug] [2024-03-08T17:27:09.383Z] ----------------------------------------------------------------------
[debug] [2024-03-08T17:27:09.385Z] Command:       C:\Program Files\nodejs\node.exe C:\Users\Chethan M\AppData\Roaming\npm\node_modules\firebase-tools\lib\bin\firebase.js init
[debug] [2024-03-08T17:27:09.386Z] CLI Version:   13.4.1
[debug] [2024-03-08T17:27:09.386Z] Platform:      win32
[debug] [2024-03-08T17:27:09.386Z] Node Version:  v18.17.1
[debug] [2024-03-08T17:27:09.387Z] Time:          Fri Mar 08 2024 22:57:09 GMT+0530 (India Standard Time)
[debug] [2024-03-08T17:27:09.387Z] ----------------------------------------------------------------------
[debug] 
[debug] [2024-03-08T17:27:09.394Z] > command requires scopes: ["email","openid","https://www.googleapis.com/auth/cloudplatformprojects.readonly","https://www.googleapis.com/auth/firebase","https://www.googleapis.com/auth/cloud-platform"]
[debug] [2024-03-08T17:27:09.395Z] > authorizing via signed-in user (mchethan727@gmail.com)
[info] 
     ######## #### ########  ######## ########     ###     ######  ########
     ##        ##  ##     ## ##       ##     ##  ##   ##  ##       ##
     ######    ##  ########  ######   ########  #########  ######  ######
     ##        ##  ##    ##  ##       ##     ## ##     ##       ## ##
     ##       #### ##     ## ######## ########  ##     ##  ######  ########

You're about to initialize a Firebase project in this directory:

  D:\myCode\Netflix-clone

[info] 
=== Project Setup
[info] 
[info] First, let's associate this project directory with a Firebase project.
[info] You can create multiple project aliases by running firebase use --add, 
[info] but for now we'll just set up a default project.
[info] 
[debug] [2024-03-08T17:40:00.659Z] >>> [apiv2][query] GET https://firebase.googleapis.com/v1beta1/projects pageSize=100
[debug] [2024-03-08T17:40:01.318Z] <<< [apiv2][status] GET https://firebase.googleapis.com/v1beta1/projects 200
[debug] [2024-03-08T17:40:01.318Z] <<< [apiv2][body] GET https://firebase.googleapis.com/v1beta1/projects [omitted]
[info] i  Using project netflix-clone-727-7530c (netflix-clone-727) 
[info] 
=== Hosting Setup
[debug] [2024-03-08T17:40:05.079Z] >>> [apiv2][query] GET https://firebase.googleapis.com/v1beta1/projects/netflix-clone-727-7530c [none]
[debug] [2024-03-08T17:40:05.579Z] <<< [apiv2][status] GET https://firebase.googleapis.com/v1beta1/projects/netflix-clone-727-7530c 200
[debug] [2024-03-08T17:40:05.579Z] <<< [apiv2][body] GET https://firebase.googleapis.com/v1beta1/projects/netflix-clone-727-7530c {"projectId":"netflix-clone-727-7530c","projectNumber":"1041997109383","displayName":"netflix-clone-727","name":"projects/netflix-clone-727-7530c","resources":{"hostingSite":"netflix-clone-727-7530c"},"state":"ACTIVE","etag":"1_740b50f4-cf59-49ed-8c9f-9588d9e69f17"}
[info] 
[info] Your public directory is the folder (relative to your project directory) that
[info] will contain Hosting assets to be uploaded with firebase deploy. If you
[info] have a build process for your assets, use your build's output directory.
[info] 
[debug] [2024-03-08T17:42:07.305Z] >>> [apiv2][query] GET https://www.gstatic.com/firebasejs/releases.json [none]
[debug] [2024-03-08T17:42:07.467Z] <<< [apiv2][status] GET https://www.gstatic.com/firebasejs/releases.json 200
[debug] [2024-03-08T17:42:07.467Z] <<< [apiv2][body] GET https://www.gstatic.com/firebasejs/releases.json {"current":{"version":"10.8.1","browserURL":"https://www.gstatic.com/firebasejs/10.8.1/firebase.js","packageURL":"https://www.gstatic.com/firebasejs/10.8.1/firebase.tgz"},"live":{"version":"10.8","browserURL":"https://www.gstatic.com/firebasejs/live/10.8/firebase.js","packageURL":"https://www.gstatic.com/firebasejs/live/10.8/firebase.tgz"},"components":{"analytics":"https://www.gstatic.com/firebasejs/10.8.1/firebase-analytics.js","app":"https://www.gstatic.com/firebasejs/10.8.1/firebase-app.js","app-check":"https://www.gstatic.com/firebasejs/10.8.1/firebase-app-check.js","auth":"https://www.gstatic.com/firebasejs/10.8.1/firebase-auth.js","auth/cordova":"https://www.gstatic.com/firebasejs/10.8.1/firebase-auth/cordova.js","auth/web-extension":"https://www.gstatic.com/firebasejs/10.8.1/firebase-auth/web-extension.js","functions":"https://www.gstatic.com/firebasejs/10.8.1/firebase-functions.js","firestore":"https://www.gstatic.com/firebasejs/10.8.1/firebase-firestore.js","firestore/lite":"https://www.gstatic.com/firebasejs/10.8.1/firebase-firestore/lite.js","installations":"https://www.gstatic.com/firebasejs/10.8.1/firebase-installations.js","storage":"https://www.gstatic.com/firebasejs/10.8.1/firebase-storage.js","performance":"https://www.gstatic.com/firebasejs/10.8.1/firebase-performance.js","remote-config":"https://www.gstatic.com/firebasejs/10.8.1/firebase-remote-config.js","messaging":"https://www.gstatic.com/firebasejs/10.8.1/firebase-messaging.js","messaging/sw":"https://www.gstatic.com/firebasejs/10.8.1/firebase-messaging/sw.js","database":"https://www.gstatic.com/firebasejs/10.8.1/firebase-database.js","firestore.memory":"https://www.gstatic.com/firebasejs/10.8.1/firebase-firestore.memory.js"}}
[info] +  Wrote build/index.html 
[info] 
[info] i  Detected a .git folder at D:\myCode\Netflix-clone 
[info] i  Authorizing with GitHub to upload your service account to a GitHub repository's secrets store. 
[info] 
[info] Visit this URL on this device to log in:
[info] https://github.com/login/oauth/authorize?client_id=89cf50f02ac6aaed3484&state=703228453&redirect_uri=http%3A%2F%2Flocalhost%3A9005&scope=read%3Auser%20repo%20public_repo
[info] 
[info] Waiting for authentication...
[debug] [2024-03-08T17:42:39.850Z] >>> [apiv2][query] POST https://github.com/login/oauth/access_token [none]
[debug] [2024-03-08T17:42:39.851Z] >>> [apiv2][body] POST https://github.com/login/oauth/access_token [stream]
[debug] [2024-03-08T17:42:40.284Z] <<< [apiv2][status] POST https://github.com/login/oauth/access_token 200
[debug] [2024-03-08T17:42:40.284Z] <<< [apiv2][body] POST https://github.com/login/oauth/access_token {"access_token":"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","token_type":"bearer","scope":"read:user,repo"}
[debug] [2024-03-08T17:42:40.299Z] >>> [apiv2][query] GET https://api.github.com/user [none]
[debug] [2024-03-08T17:42:40.712Z] <<< [apiv2][status] GET https://api.github.com/user 200
[debug] [2024-03-08T17:42:40.712Z] <<< [apiv2][body] GET https://api.github.com/user {"login":"CHETHAN-m-727","id":118979072,"node_id":"U_kgDOBxd6AA","avatar_url":"https://avatars.githubusercontent.com/u/118979072?v=4","gravatar_id":"","url":"https://api.github.com/users/CHETHAN-m-727","html_url":"https://github.com/CHETHAN-m-727","followers_url":"https://api.github.com/users/CHETHAN-m-727/followers","following_url":"https://api.github.com/users/CHETHAN-m-727/following{/other_user}","gists_url":"https://api.github.com/users/CHETHAN-m-727/gists{/gist_id}","starred_url":"https://api.github.com/users/CHETHAN-m-727/starred{/owner}{/repo}","subscriptions_url":"https://api.github.com/users/CHETHAN-m-727/subscriptions","organizations_url":"https://api.github.com/users/CHETHAN-m-727/orgs","repos_url":"https://api.github.com/users/CHETHAN-m-727/repos","events_url":"https://api.github.com/users/CHETHAN-m-727/events{/privacy}","received_events_url":"https://api.github.com/users/CHETHAN-m-727/received_events","type":"User","site_admin":false,"name":"Chethan M","company":null,"blog":"","location":null,"email":"mchethan727@gmail.com","hireable":null,"bio":null,"twitter_username":null,"public_repos":12,"public_gists":0,"followers":0,"following":0,"created_at":"2022-11-24T11:28:11Z","updated_at":"2024-03-08T17:42:29Z","private_gists":0,"total_private_repos":17,"owned_private_repos":17,"disk_usage":20653,"collaborators":1,"two_factor_authentication":false,"plan":{"name":"free","space":976562499,"collaborators":0,"private_repos":10000}}
[info] 
[info] +  Success! Logged into GitHub as CHETHAN-m-727 
[info] 
[debug] [2024-03-08T17:43:25.249Z] >>> [apiv2][query] GET https://api.github.com/repos//actions/secrets/public-key type=owner
[debug] [2024-03-08T17:43:25.598Z] <<< [apiv2][status] GET https://api.github.com/repos//actions/secrets/public-key 404
[debug] [2024-03-08T17:43:25.598Z] <<< [apiv2][body] GET https://api.github.com/repos//actions/secrets/public-key {"message":"Not Found","documentation_url":"https://docs.github.com/rest"}
[info] 
[info] 
[error] !  The provided authorization cannot be used with this repository. If this repository is in an organization, did you remember to grant access? 
[info] 
[info] i  Action required: Visit this URL to ensure access has been granted to the appropriate organization(s) for the Firebase CLI GitHub OAuth App: 
[info] https://github.com/settings/connections/applications/89cf50f02ac6aaed3484
[info] 
